[0303/212206.810:ERROR:process_memory_win.cc(73)] ReadMemory at 0x24d5e7607f0 of 72 bytes failed: Only part of a ReadProcessMemory or WriteProcessMemory request was completed. (0x12B)
[0303/212206.811:WARNING:pe_image_annotations_reader.cc(134)] could not read annotations list object in C:\Program Files (x86)\Google\Chrome\Application\80.0.3987.122\chrome_elf.dll
[0303/212206.811:ERROR:process_memory_win.cc(73)] ReadMemory at 0x24d5e5d54e0 of 72 bytes failed: Only part of a ReadProcessMemory or WriteProcessMemory request was completed. (0x12B)
[0303/212206.811:WARNING:pe_image_annotations_reader.cc(134)] could not read annotations list object in C:\Program Files (x86)\Google\Chrome\Application\80.0.3987.122\chrome.dll
[0303/212206.812:ERROR:process_memory_win.cc(73)] ReadMemory at 0x24d5e7607f0 of 72 bytes failed: Only part of a ReadProcessMemory or WriteProcessMemory request was completed. (0x12B)
[0303/212206.812:WARNING:pe_image_annotations_reader.cc(134)] could not read annotations list object in C:\Program Files (x86)\Google\Chrome\Application\80.0.3987.122\chrome_elf.dll
[0303/212206.812:ERROR:process_memory_win.cc(73)] ReadMemory at 0x24d5e5d54e0 of 72 bytes failed: Only part of a ReadProcessMemory or WriteProcessMemory request was completed. (0x12B)
[0303/212206.812:WARNING:pe_image_annotations_reader.cc(134)] could not read annotations list object in C:\Program Files (x86)\Google\Chrome\Application\80.0.3987.122\chrome.dll
[0303/212206.821:ERROR:process_memory_win.cc(73)] ReadMemory at 0x6ee95f9000 of 28672 bytes failed: Only part of a ReadProcessMemory or WriteProcessMemory request was completed. (0x12B)
[0303/212206.821:ERROR:process_memory_win.cc(73)] ReadMemory at 0x6ee9dfd000 of 12288 bytes failed: Only part of a ReadProcessMemory or WriteProcessMemory request was completed. (0x12B)
[0303/212206.821:ERROR:process_memory_win.cc(73)] ReadMemory at 0x6eea5fd000 of 12288 bytes failed: Only part of a ReadProcessMemory or WriteProcessMemory request was completed. (0x12B)
[0303/212206.821:ERROR:process_memory_win.cc(73)] ReadMemory at 0x6eeadfd000 of 12288 bytes failed: Only part of a ReadProcessMemory or WriteProcessMemory request was completed. (0x12B)
[0303/212206.821:ERROR:process_memory_win.cc(73)] ReadMemory at 0x6eeb5fc000 of 16384 bytes failed: Only part of a ReadProcessMemory or WriteProcessMemory request was completed. (0x12B)
[0303/212206.821:ERROR:process_memory_win.cc(73)] ReadMemory at 0x6eebdfe000 of 8192 bytes failed: Only part of a ReadProcessMemory or WriteProcessMemory request was completed. (0x12B)
[0303/212206.821:ERROR:process_memory_win.cc(73)] ReadMemory at 0x6eec5fd000 of 12288 bytes failed: Only part of a ReadProcessMemory or WriteProcessMemory request was completed. (0x12B)
[0303/212206.821:ERROR:process_memory_win.cc(73)] ReadMemory at 0x6eecdfd000 of 12288 bytes failed: Only part of a ReadProcessMemory or WriteProcessMemory request was completed. (0x12B)
[0303/212206.821:ERROR:process_memory_win.cc(73)] ReadMemory at 0x6eeddfd000 of 12288 bytes failed: Only part of a ReadProcessMemory or WriteProcessMemory request was completed. (0x12B)
[0303/212206.821:ERROR:process_memory_win.cc(73)] ReadMemory at 0x6eee5fd000 of 12288 bytes failed: Only part of a ReadProcessMemory or WriteProcessMemory request was completed. (0x12B)
[0303/212206.822:ERROR:process_memory_win.cc(73)] ReadMemory at 0x6eeedfd000 of 12288 bytes failed: Only part of a ReadProcessMemory or WriteProcessMemory request was completed. (0x12B)
[0303/212206.822:ERROR:process_memory_win.cc(73)] ReadMemory at 0x6eef5fd000 of 12288 bytes failed: Only part of a ReadProcessMemory or WriteProcessMemory request was completed. (0x12B)
[0303/212206.822:ERROR:process_memory_win.cc(73)] ReadMemory at 0x6eed5ff000 of 4096 bytes failed: Only part of a ReadProcessMemory or WriteProcessMemory request was completed. (0x12B)
[0303/212206.822:ERROR:process_memory_win.cc(73)] ReadMemory at 0x6ee8c56000 of 852 bytes failed: Only part of a ReadProcessMemory or WriteProcessMemory request was completed. (0x12B)
[0303/212206.822:ERROR:process_memory_win.cc(73)] ReadMemory at 0x6ee8c57000 of 6024 bytes failed: Only part of a ReadProcessMemory or WriteProcessMemory request was completed. (0x12B)
[0303/212206.822:ERROR:process_memory_win.cc(73)] ReadMemory at 0x6ee8c59000 of 6024 bytes failed: Only part of a ReadProcessMemory or WriteProcessMemory request was completed. (0x12B)
[0303/212206.822:ERROR:process_memory_win.cc(73)] ReadMemory at 0x6ee8c5b000 of 6024 bytes failed: Only part of a ReadProcessMemory or WriteProcessMemory request was completed. (0x12B)
[0303/212206.822:ERROR:process_memory_win.cc(73)] ReadMemory at 0x6ee8c5d000 of 6024 bytes failed: Only part of a ReadProcessMemory or WriteProcessMemory request was completed. (0x12B)
[0303/212206.822:ERROR:process_memory_win.cc(73)] ReadMemory at 0x6ee8c5f000 of 6024 bytes failed: Only part of a ReadProcessMemory or WriteProcessMemory request was completed. (0x12B)
[0303/212206.822:ERROR:process_memory_win.cc(73)] ReadMemory at 0x6ee8c61000 of 6024 bytes failed: Only part of a ReadProcessMemory or WriteProcessMemory request was completed. (0x12B)
[0303/212206.822:ERROR:process_memory_win.cc(73)] ReadMemory at 0x6ee8c63000 of 6024 bytes failed: Only part of a ReadProcessMemory or WriteProcessMemory request was completed. (0x12B)
[0303/212206.822:ERROR:process_memory_win.cc(73)] ReadMemory at 0x6ee8c65000 of 6024 bytes failed: Only part of a ReadProcessMemory or WriteProcessMemory request was completed. (0x12B)
[0303/212206.822:ERROR:process_memory_win.cc(73)] ReadMemory at 0x6ee8c69000 of 6024 bytes failed: Only part of a ReadProcessMemory or WriteProcessMemory request was completed. (0x12B)
[0303/212206.822:ERROR:process_memory_win.cc(73)] ReadMemory at 0x6ee8c6b000 of 6024 bytes failed: Only part of a ReadProcessMemory or WriteProcessMemory request was completed. (0x12B)
[0303/212206.823:ERROR:process_memory_win.cc(73)] ReadMemory at 0x6ee8c6d000 of 6024 bytes failed: Only part of a ReadProcessMemory or WriteProcessMemory request was completed. (0x12B)
[0303/212206.823:ERROR:process_memory_win.cc(73)] ReadMemory at 0x6ee8c6f000 of 6024 bytes failed: Only part of a ReadProcessMemory or WriteProcessMemory request was completed. (0x12B)
[0303/212206.823:ERROR:process_memory_win.cc(73)] ReadMemory at 0x6ee8c75000 of 6024 bytes failed: Only part of a ReadProcessMemory or WriteProcessMemory request was completed. (0x12B)
[0303/212206.823:ERROR:process_memory_win.cc(73)] ReadMemory at 0x24d5e4b0750 of 80 bytes failed: Only part of a ReadProcessMemory or WriteProcessMemory request was completed. (0x12B)
[0303/212206.823:ERROR:process_memory_win.cc(73)] ReadMemory at 0x24d5e4b0fe0 of 5054 bytes failed: Only part of a ReadProcessMemory or WriteProcessMemory request was completed. (0x12B)
[0303/212206.823:ERROR:process_memory_win.cc(73)] ReadMemory at 0x24d5e4b23b0 of 1012 bytes failed: Only part of a ReadProcessMemory or WriteProcessMemory request was completed. (0x12B)
[0303/212206.823:ERROR:process_memory_win.cc(73)] ReadMemory at 0x24d5e4b29f8 of 118 bytes failed: Only part of a ReadProcessMemory or WriteProcessMemory request was completed. (0x12B)
[0303/212206.823:ERROR:process_memory_win.cc(73)] ReadMemory at 0x24d5e4b2a70 of 746 bytes failed: Only part of a ReadProcessMemory or WriteProcessMemory request was completed. (0x12B)
[0303/212206.823:ERROR:process_memory_win.cc(73)] ReadMemory at 0x24d5e4b2d5c of 118 bytes failed: Only part of a ReadProcessMemory or WriteProcessMemory request was completed. (0x12B)
[0303/212206.823:ERROR:process_memory_win.cc(73)] ReadMemory at 0x24d5e4b2dd4 of 94 bytes failed: Only part of a ReadProcessMemory or WriteProcessMemory request was completed. (0x12B)
[0303/212206.823:ERROR:process_memory_win.cc(73)] ReadMemory at 0x24d5e4b2e40 of 58 bytes failed: Only part of a ReadProcessMemory or WriteProcessMemory request was completed. (0x12B)
[0303/212206.823:ERROR:process_memory_win.cc(73)] ReadMemory at 0x24d5e4b2f40 of 132 bytes failed: Only part of a ReadProcessMemory or WriteProcessMemory request was completed. (0x12B)
[0303/212206.823:ERROR:process_memory_win.cc(73)] ReadMemory at 0x24d5e4b30d0 of 132 bytes failed: Only part of a ReadProcessMemory or WriteProcessMemory request was completed. (0x12B)
[0303/212206.823:ERROR:process_memory_win.cc(73)] ReadMemory at 0x24d5e4b3290 of 126 bytes failed: Only part of a ReadProcessMemory or WriteProcessMemory request was completed. (0x12B)
[0303/212206.823:ERROR:process_memory_win.cc(73)] ReadMemory at 0x24d5e4b3670 of 132 bytes failed: Only part of a ReadProcessMemory or WriteProcessMemory request was completed. (0x12B)
[0303/212206.823:ERROR:process_memory_win.cc(73)] ReadMemory at 0x24d5e4b3800 of 64 bytes failed: Only part of a ReadProcessMemory or WriteProcessMemory request was completed. (0x12B)
[0303/212206.823:ERROR:process_memory_win.cc(73)] ReadMemory at 0x24d5e4b3850 of 132 bytes failed: Only part of a ReadProcessMemory or WriteProcessMemory request was completed. (0x12B)
[0303/212206.823:ERROR:process_memory_win.cc(73)] ReadMemory at 0x24d5e4b3980 of 146 bytes failed: Only part of a ReadProcessMemory or WriteProcessMemory request was completed. (0x12B)
[0303/212206.823:ERROR:process_memory_win.cc(73)] ReadMemory at 0x24d5e4b3a60 of 154 bytes failed: Only part of a ReadProcessMemory or WriteProcessMemory request was completed. (0x12B)
[0303/212206.824:ERROR:process_memory_win.cc(73)] ReadMemory at 0x24d5e4b3c60 of 132 bytes failed: Only part of a ReadProcessMemory or WriteProcessMemory request was completed. (0x12B)
[0303/212206.824:ERROR:process_memory_win.cc(73)] ReadMemory at 0x24d5e4b3df0 of 68 bytes failed: Only part of a ReadProcessMemory or WriteProcessMemory request was completed. (0x12B)
[0303/212206.824:ERROR:process_memory_win.cc(73)] ReadMemory at 0x24d5e4b4dd0 of 132 bytes failed: Only part of a ReadProcessMemory or WriteProcessMemory request was completed. (0x12B)
[0303/212206.824:ERROR:process_memory_win.cc(73)] ReadMemory at 0x24d5e4b4fd0 of 132 bytes failed: Only part of a ReadProcessMemory or WriteProcessMemory request was completed. (0x12B)
[0303/212206.824:ERROR:process_memory_win.cc(73)] ReadMemory at 0x24d5e4b6b00 of 62 bytes failed: Only part of a ReadProcessMemory or WriteProcessMemory request was completed. (0x12B)
[0303/212206.824:ERROR:process_memory_win.cc(73)] ReadMemory at 0x24d5e4b6b50 of 132 bytes failed: Only part of a ReadProcessMemory or WriteProcessMemory request was completed. (0x12B)
[0303/212206.824:ERROR:process_memory_win.cc(73)] ReadMemory at 0x24d5e4b6cf0 of 132 bytes failed: Only part of a ReadProcessMemory or WriteProcessMemory request was completed. (0x12B)
[0303/212206.824:ERROR:process_memory_win.cc(73)] ReadMemory at 0x24d5e4b6e20 of 60 bytes failed: Only part of a ReadProcessMemory or WriteProcessMemory request was completed. (0x12B)
[0303/212206.824:ERROR:process_memory_win.cc(73)] ReadMemory at 0x24d5e4b7c10 of 132 bytes failed: Only part of a ReadProcessMemory or WriteProcessMemory request was completed. (0x12B)
[0303/212206.824:ERROR:process_memory_win.cc(73)] ReadMemory at 0x24d5e4bab10 of 62 bytes failed: Only part of a ReadProcessMemory or WriteProcessMemory request was completed. (0x12B)
[0303/212206.824:ERROR:process_memory_win.cc(73)] ReadMemory at 0x24d5e4baed0 of 64 bytes failed: Only part of a ReadProcessMemory or WriteProcessMemory request was completed. (0x12B)
[0303/212206.824:ERROR:process_memory_win.cc(73)] ReadMemory at 0x24d5e4baf70 of 60 bytes failed: Only part of a ReadProcessMemory or WriteProcessMemory request was completed. (0x12B)
[0303/212206.824:ERROR:process_memory_win.cc(73)] ReadMemory at 0x24d5e4bafc0 of 60 bytes failed: Only part of a ReadProcessMemory or WriteProcessMemory request was completed. (0x12B)
[0303/212206.824:ERROR:process_memory_win.cc(73)] ReadMemory at 0x24d5e4bb060 of 64 bytes failed: Only part of a ReadProcessMemory or WriteProcessMemory request was completed. (0x12B)
[0303/212206.824:ERROR:process_memory_win.cc(73)] ReadMemory at 0x24d5e4bb0b0 of 64 bytes failed: Only part of a ReadProcessMemory or WriteProcessMemory request was completed. (0x12B)
[0303/212206.824:ERROR:process_memory_win.cc(73)] ReadMemory at 0x24d5e4bb150 of 62 bytes failed: Only part of a ReadProcessMemory or WriteProcessMemory request was completed. (0x12B)
[0303/212206.824:ERROR:process_memory_win.cc(73)] ReadMemory at 0x24d5e4bb1a0 of 66 bytes failed: Only part of a ReadProcessMemory or WriteProcessMemory request was completed. (0x12B)
[0303/212206.824:ERROR:process_memory_win.cc(73)] ReadMemory at 0x24d5e4bb240 of 64 bytes failed: Only part of a ReadProcessMemory or WriteProcessMemory request was completed. (0x12B)
[0303/212206.824:ERROR:process_memory_win.cc(73)] ReadMemory at 0x24d5e4bb320 of 132 bytes failed: Only part of a ReadProcessMemory or WriteProcessMemory request was completed. (0x12B)
[0303/212206.824:ERROR:process_memory_win.cc(73)] ReadMemory at 0x24d5e4bb450 of 132 bytes failed: Only part of a ReadProcessMemory or WriteProcessMemory request was completed. (0x12B)
[0303/212206.824:ERROR:process_memory_win.cc(73)] ReadMemory at 0x24d5e4bb580 of 132 bytes failed: Only part of a ReadProcessMemory or WriteProcessMemory request was completed. (0x12B)
[0303/212206.824:ERROR:process_memory_win.cc(73)] ReadMemory at 0x24d5e4bb6b0 of 132 bytes failed: Only part of a ReadProcessMemory or WriteProcessMemory request was completed. (0x12B)
[0303/212206.825:ERROR:process_memory_win.cc(73)] ReadMemory at 0x24d5e4bb7e0 of 132 bytes failed: Only part of a ReadProcessMemory or WriteProcessMemory request was completed. (0x12B)
[0303/212206.825:ERROR:process_memory_win.cc(73)] ReadMemory at 0x24d5e4bb910 of 132 bytes failed: Only part of a ReadProcessMemory or WriteProcessMemory request was completed. (0x12B)
[0303/212206.825:ERROR:process_memory_win.cc(73)] ReadMemory at 0x24d5e4bba40 of 132 bytes failed: Only part of a ReadProcessMemory or WriteProcessMemory request was completed. (0x12B)
[0303/212206.825:ERROR:process_memory_win.cc(73)] ReadMemory at 0x24d5e4bbca0 of 132 bytes failed: Only part of a ReadProcessMemory or WriteProcessMemory request was completed. (0x12B)
[0303/212206.825:ERROR:process_memory_win.cc(73)] ReadMemory at 0x24d5e4bbdd0 of 132 bytes failed: Only part of a ReadProcessMemory or WriteProcessMemory request was completed. (0x12B)
[0303/212206.825:ERROR:process_memory_win.cc(73)] ReadMemory at 0x24d5e4bbf00 of 132 bytes failed: Only part of a ReadProcessMemory or WriteProcessMemory request was completed. (0x12B)
[0303/212206.825:ERROR:process_memory_win.cc(73)] ReadMemory at 0x24d5e4bc030 of 132 bytes failed: Only part of a ReadProcessMemory or WriteProcessMemory request was completed. (0x12B)
[0303/212206.825:ERROR:process_memory_win.cc(73)] ReadMemory at 0x24d5e4bc160 of 132 bytes failed: Only part of a ReadProcessMemory or WriteProcessMemory request was completed. (0x12B)
[0303/212206.825:ERROR:process_memory_win.cc(73)] ReadMemory at 0x24d5e4bd580 of 54 bytes failed: Only part of a ReadProcessMemory or WriteProcessMemory request was completed. (0x12B)
[0303/212206.825:ERROR:process_memory_win.cc(73)] ReadMemory at 0x24d5e4be6e0 of 132 bytes failed: Only part of a ReadProcessMemory or WriteProcessMemory request was completed. (0x12B)
[0303/212206.825:ERROR:process_memory_win.cc(73)] ReadMemory at 0x24d5e4bed60 of 132 bytes failed: Only part of a ReadProcessMemory or WriteProcessMemory request was completed. (0x12B)
[0303/212206.825:ERROR:process_memory_win.cc(73)] ReadMemory at 0x24d5e4bfad0 of 132 bytes failed: Only part of a ReadProcessMemory or WriteProcessMemory request was completed. (0x12B)
[0303/212206.825:ERROR:process_memory_win.cc(73)] ReadMemory at 0x24d5e4bfc00 of 132 bytes failed: Only part of a ReadProcessMemory or WriteProcessMemory request was completed. (0x12B)
[0303/212206.825:ERROR:process_memory_win.cc(73)] ReadMemory at 0x24d5e4c1700 of 132 bytes failed: Only part of a ReadProcessMemory or WriteProcessMemory request was completed. (0x12B)
[0303/212206.825:ERROR:process_memory_win.cc(73)] ReadMemory at 0x24d5e4c1a60 of 132 bytes failed: Only part of a ReadProcessMemory or WriteProcessMemory request was completed. (0x12B)
[0303/212206.825:ERROR:process_memory_win.cc(73)] ReadMemory at 0x24d5e4c3ef0 of 132 bytes failed: Only part of a ReadProcessMemory or WriteProcessMemory request was completed. (0x12B)
[0303/212206.825:ERROR:process_memory_win.cc(73)] ReadMemory at 0x24d5e4c4460 of 76 bytes failed: Only part of a ReadProcessMemory or WriteProcessMemory request was completed. (0x12B)
[0303/212206.825:ERROR:process_memory_win.cc(73)] ReadMemory at 0x24d5e4c45e0 of 80 bytes failed: Only part of a ReadProcessMemory or WriteProcessMemory request was completed. (0x12B)
[0303/212206.825:ERROR:process_memory_win.cc(73)] ReadMemory at 0x24d5e4c5230 of 64 bytes failed: Only part of a ReadProcessMemory or WriteProcessMemory request was completed. (0x12B)
[0303/212206.825:ERROR:process_memory_win.cc(73)] ReadMemory at 0x24d5e4c5320 of 64 bytes failed: Only part of a ReadProcessMemory or WriteProcessMemory request was completed. (0x12B)
[0303/212206.825:ERROR:process_memory_win.cc(73)] ReadMemory at 0x24d5e4c5370 of 62 bytes failed: Only part of a ReadProcessMemory or WriteProcessMemory request was completed. (0x12B)
[0303/212206.825:ERROR:process_memory_win.cc(73)] ReadMemory at 0x24d5e4c5460 of 64 bytes failed: Only part of a ReadProcessMemory or WriteProcessMemory request was completed. (0x12B)
[0303/212206.826:ERROR:process_memory_win.cc(73)] ReadMemory at 0x24d5e4c55f0 of 62 bytes failed: Only part of a ReadProcessMemory or WriteProcessMemory request was completed. (0x12B)
[0303/212206.826:ERROR:process_memory_win.cc(73)] ReadMemory at 0x24d5e4c5690 of 62 bytes failed: Only part of a ReadProcessMemory or WriteProcessMemory request was completed. (0x12B)
[0303/212206.826:ERROR:process_memory_win.cc(73)] ReadMemory at 0x24d5e4c56e0 of 62 bytes failed: Only part of a ReadProcessMemory or WriteProcessMemory request was completed. (0x12B)
[0303/212206.826:ERROR:process_memory_win.cc(73)] ReadMemory at 0x24d5e4c5730 of 66 bytes failed: Only part of a ReadProcessMemory or WriteProcessMemory request was completed. (0x12B)
[0303/212206.826:ERROR:process_memory_win.cc(73)] ReadMemory at 0x24d5e4c5780 of 62 bytes failed: Only part of a ReadProcessMemory or WriteProcessMemory request was completed. (0x12B)
[0303/212206.826:ERROR:process_memory_win.cc(73)] ReadMemory at 0x24d5e4c5820 of 60 bytes failed: Only part of a ReadProcessMemory or WriteProcessMemory request was completed. (0x12B)
[0303/212206.826:ERROR:process_memory_win.cc(73)] ReadMemory at 0x24d5e4c5910 of 60 bytes failed: Only part of a ReadProcessMemory or WriteProcessMemory request was completed. (0x12B)
[0303/212206.826:ERROR:process_memory_win.cc(73)] ReadMemory at 0x24d5e4c5960 of 60 bytes failed: Only part of a ReadProcessMemory or WriteProcessMemory request was completed. (0x12B)
[0303/212206.826:ERROR:process_memory_win.cc(73)] ReadMemory at 0x24d5e4c59b0 of 62 bytes failed: Only part of a ReadProcessMemory or WriteProcessMemory request was completed. (0x12B)
[0303/212206.826:ERROR:process_memory_win.cc(73)] ReadMemory at 0x24d5e4c5dc0 of 60 bytes failed: Only part of a ReadProcessMemory or WriteProcessMemory request was completed. (0x12B)
[0303/212206.826:ERROR:process_memory_win.cc(73)] ReadMemory at 0x24d5e4c5e10 of 58 bytes failed: Only part of a ReadProcessMemory or WriteProcessMemory request was completed. (0x12B)
[0303/212206.826:ERROR:process_memory_win.cc(73)] ReadMemory at 0x24d5e4c5fa0 of 62 bytes failed: Only part of a ReadProcessMemory or WriteProcessMemory request was completed. (0x12B)
[0303/212206.826:ERROR:process_memory_win.cc(73)] ReadMemory at 0x24d5e4c5ff0 of 62 bytes failed: Only part of a ReadProcessMemory or WriteProcessMemory request was completed. (0x12B)
[0303/212206.826:ERROR:process_memory_win.cc(73)] ReadMemory at 0x24d5e4c60e0 of 64 bytes failed: Only part of a ReadProcessMemory or WriteProcessMemory request was completed. (0x12B)
[0303/212206.826:ERROR:process_memory_win.cc(73)] ReadMemory at 0x24d5e4c6700 of 132 bytes failed: Only part of a ReadProcessMemory or WriteProcessMemory request was completed. (0x12B)
[0303/212206.826:ERROR:process_memory_win.cc(73)] ReadMemory at 0x24d5e4c6830 of 132 bytes failed: Only part of a ReadProcessMemory or WriteProcessMemory request was completed. (0x12B)
[0303/212206.826:ERROR:process_memory_win.cc(73)] ReadMemory at 0x24d5e4c6960 of 132 bytes failed: Only part of a ReadProcessMemory or WriteProcessMemory request was completed. (0x12B)
[0303/212206.826:ERROR:process_memory_win.cc(73)] ReadMemory at 0x24d5e4c6bc0 of 132 bytes failed: Only part of a ReadProcessMemory or WriteProcessMemory request was completed. (0x12B)
[0303/212206.826:ERROR:process_memory_win.cc(73)] ReadMemory at 0x24d5e4c6cf0 of 132 bytes failed: Only part of a ReadProcessMemory or WriteProcessMemory request was completed. (0x12B)
[0303/212206.827:ERROR:process_memory_win.cc(73)] ReadMemory at 0x24d5e4c6e20 of 132 bytes failed: Only part of a ReadProcessMemory or WriteProcessMemory request was completed. (0x12B)
[0303/212206.827:ERROR:process_memory_win.cc(73)] ReadMemory at 0x24d5e4c6f50 of 132 bytes failed: Only part of a ReadProcessMemory or WriteProcessMemory request was completed. (0x12B)
[0303/212206.827:ERROR:process_memory_win.cc(73)] ReadMemory at 0x24d5e4c71b0 of 132 bytes failed: Only part of a ReadProcessMemory or WriteProcessMemory request was completed. (0x12B)
[0303/212206.827:ERROR:process_memory_win.cc(73)] ReadMemory at 0x24d5e4c77a0 of 132 bytes failed: Only part of a ReadProcessMemory or WriteProcessMemory request was completed. (0x12B)
[0303/212206.827:ERROR:process_memory_win.cc(73)] ReadMemory at 0x24d5e4c7d90 of 132 bytes failed: Only part of a ReadProcessMemory or WriteProcessMemory request was completed. (0x12B)
[0303/212206.827:ERROR:process_memory_win.cc(73)] ReadMemory at 0x24d5e4dd5c0 of 512 bytes failed: Only part of a ReadProcessMemory or WriteProcessMemory request was completed. (0x12B)
[0303/212206.827:ERROR:process_memory_win.cc(73)] ReadMemory at 0x24d5e4de350 of 512 bytes failed: Only part of a ReadProcessMemory or WriteProcessMemory request was completed. (0x12B)
[0303/212206.827:ERROR:process_memory_win.cc(73)] ReadMemory at 0x24d5e604200 of 512 bytes failed: Only part of a ReadProcessMemory or WriteProcessMemory request was completed. (0x12B)
[0303/212206.827:ERROR:process_memory_win.cc(73)] ReadMemory at 0x24d5e604bc0 of 512 bytes failed: Only part of a ReadProcessMemory or WriteProcessMemory request was completed. (0x12B)
[0303/212206.827:ERROR:process_memory_win.cc(73)] ReadMemory at 0x24d5e613e00 of 512 bytes failed: Only part of a ReadProcessMemory or WriteProcessMemory request was completed. (0x12B)
[0303/212206.827:ERROR:process_memory_win.cc(73)] ReadMemory at 0x24d5e62e2a0 of 512 bytes failed: Only part of a ReadProcessMemory or WriteProcessMemory request was completed. (0x12B)
[0303/212206.827:ERROR:process_memory_win.cc(73)] ReadMemory at 0x24d5e63ced0 of 712 bytes failed: Only part of a ReadProcessMemory or WriteProcessMemory request was completed. (0x12B)
[0303/212206.827:ERROR:process_memory_win.cc(73)] ReadMemory at 0x24d5e648178 of 512 bytes failed: Only part of a ReadProcessMemory or WriteProcessMemory request was completed. (0x12B)
[0303/212206.827:ERROR:process_memory_win.cc(73)] ReadMemory at 0x24d5e649888 of 800 bytes failed: Only part of a ReadProcessMemory or WriteProcessMemory request was completed. (0x12B)
[0303/212206.827:ERROR:process_memory_win.cc(73)] ReadMemory at 0x24d5e64a4a0 of 512 bytes failed: Only part of a ReadProcessMemory or WriteProcessMemory request was completed. (0x12B)
[0303/212206.827:ERROR:process_memory_win.cc(73)] ReadMemory at 0x24d60550000 of 384 bytes failed: Only part of a ReadProcessMemory or WriteProcessMemory request was completed. (0x12B)
[0303/212206.827:ERROR:process_memory_win.cc(73)] ReadMemory at 0x24d60572d60 of 512 bytes failed: Only part of a ReadProcessMemory or WriteProcessMemory request was completed. (0x12B)
[0303/212206.827:ERROR:process_memory_win.cc(73)] ReadMemory at 0x24d605b44e0 of 512 bytes failed: Only part of a ReadProcessMemory or WriteProcessMemory request was completed. (0x12B)
[0303/212206.828:ERROR:process_memory_win.cc(73)] ReadMemory at 0x24d606d8818 of 512 bytes failed: Only part of a ReadProcessMemory or WriteProcessMemory request was completed. (0x12B)
[0303/212206.828:ERROR:process_memory_win.cc(73)] ReadMemory at 0x24d606dde70 of 512 bytes failed: Only part of a ReadProcessMemory or WriteProcessMemory request was completed. (0x12B)
[0303/212206.828:ERROR:process_memory_win.cc(73)] ReadMemory at 0x24d606e1770 of 512 bytes failed: Only part of a ReadProcessMemory or WriteProcessMemory request was completed. (0x12B)
[0303/212206.828:ERROR:process_memory_win.cc(73)] ReadMemory at 0x24d606e2110 of 512 bytes failed: Only part of a ReadProcessMemory or WriteProcessMemory request was completed. (0x12B)
[0303/212206.833:ERROR:scoped_process_suspend.cc(40)] NtResumeProcess: An attempt was made to access an exiting process. (0xc000010a)
[0512/182316.166:ERROR:process_reader_win.cc(123)] NtOpenThread: {Access Denied} A process has requested access to an object, but has not been granted those access rights. (0xc0000022)
[0512/182316.283:ERROR:exception_snapshot_win.cc(98)] thread ID 9184 not found in process
